{"uid":"d19ac6278690af3c","name":"test_dynamic_github","fullName":"tests.test_steps#test_dynamic_github","historyId":"e528d30a93a0b15e6f29da3a9bc58284","time":{"start":1763563944606,"stop":1763563944784,"duration":178},"status":"broken","statusMessage":"selenium.common.exceptions.SessionNotCreatedException: Message: session not created: Chrome instance exited. Examine ChromeDriver verbose log to determine the cause.; For documentation on this error, please visit: https://www.selenium.dev/documentation/webdriver/troubleshooting/errors#sessionnotcreatedexception\nStacktrace:\n#0 0x56454ff8132a <unknown>\n#1 0x56454f9cde4b <unknown>\n#2 0x56454fa08919 <unknown>\n#3 0x56454fa04375 <unknown>\n#4 0x56454fa55016 <unknown>\n#5 0x56454fa54736 <unknown>\n#6 0x56454fa12c1a <unknown>\n#7 0x56454fa13921 <unknown>\n#8 0x56454ff48239 <unknown>\n#9 0x56454ff4b1e8 <unknown>\n#10 0x56454ff314c9 <unknown>\n#11 0x56454ff4bdb5 <unknown>\n#12 0x56454ff18e93 <unknown>\n#13 0x56454ff6e098 <unknown>\n#14 0x56454ff6e273 <unknown>\n#15 0x56454ff802c3 <unknown>\n#16 0x7f4d9489caa4 <unknown>\n#17 0x7f4d94929c6c <unknown>","statusTrace":"def test_dynamic_github():\n        with allure.step(\"Открываем главную страницу\"):\n>           browser.open(\"https://github.com\")\n\ntests/test_steps.py:14: \n_ _ _ _ _ _ _ _ _ _ _ _ _ _ _ _ _ _ _ _ _ _ _ _ _ _ _ _ _ _ _ _ _ _ _ _ _ _ _ _ \n/opt/hostedtoolcache/Python/3.14.0/x64/lib/python3.14/site-packages/selene/core/_browser.py:93: in open\n    self.config._executor.get_url(relative_or_absolute_url)\n/opt/hostedtoolcache/Python/3.14.0/x64/lib/python3.14/site-packages/selene/core/configuration.py:263: in get_url\n    self.config._driver_get_url_strategy(self.config)(url)\n/opt/hostedtoolcache/Python/3.14.0/x64/lib/python3.14/site-packages/selene/core/configuration.py:178: in get\n    driver = config.driver\n             ^^^^^^^^^^^^^\n/opt/hostedtoolcache/Python/3.14.0/x64/lib/python3.14/site-packages/selene/core/configuration.py:305: in __get__\n    driver = config.build_driver_strategy(config)\n             ^^^^^^^^^^^^^^^^^^^^^^^^^^^^^^^^^^^^\n/opt/hostedtoolcache/Python/3.14.0/x64/lib/python3.14/site-packages/selene/core/configuration.py:129: in _build_local_driver_by_name_or_remote_by_url_and_options\n    return {  # type: ignore\n/opt/hostedtoolcache/Python/3.14.0/x64/lib/python3.14/site-packages/selene/core/configuration.py:66: in build_chrome\n    return Chrome(\n/opt/hostedtoolcache/Python/3.14.0/x64/lib/python3.14/site-packages/selenium/webdriver/chrome/webdriver.py:47: in __init__\n    super().__init__(\n/opt/hostedtoolcache/Python/3.14.0/x64/lib/python3.14/site-packages/selenium/webdriver/chromium/webdriver.py:71: in __init__\n    super().__init__(command_executor=executor, options=options)\n/opt/hostedtoolcache/Python/3.14.0/x64/lib/python3.14/site-packages/selenium/webdriver/remote/webdriver.py:263: in __init__\n    self.start_session(capabilities)\n/opt/hostedtoolcache/Python/3.14.0/x64/lib/python3.14/site-packages/selenium/webdriver/remote/webdriver.py:366: in start_session\n    response = self.execute(Command.NEW_SESSION, caps)[\"value\"]\n               ^^^^^^^^^^^^^^^^^^^^^^^^^^^^^^^^^^^^^^^\n/opt/hostedtoolcache/Python/3.14.0/x64/lib/python3.14/site-packages/selenium/webdriver/remote/webdriver.py:458: in execute\n    self.error_handler.check_response(response)\n_ _ _ _ _ _ _ _ _ _ _ _ _ _ _ _ _ _ _ _ _ _ _ _ _ _ _ _ _ _ _ _ _ _ _ _ _ _ _ _ \n\nself = <selenium.webdriver.remote.errorhandler.ErrorHandler object at 0x7f463e883390>\nresponse = {'status': 500, 'value': '{\"value\":{\"error\":\"session not created\",\"message\":\"session not created: Chrome instance exit...\\\\n#15 0x56454ff802c3 \\\\u003Cunknown>\\\\n#16 0x7f4d9489caa4 \\\\u003Cunknown>\\\\n#17 0x7f4d94929c6c \\\\u003Cunknown>\\\\n\"}}'}\n\n    def check_response(self, response: dict[str, Any]) -> None:\n        \"\"\"Checks that a JSON response from the WebDriver does not have an\n        error.\n    \n        Args:\n            response: The JSON response from the WebDriver server as a dictionary\n                object.\n    \n        Raises:\n            WebDriverException: If the response contains an error message.\n        \"\"\"\n        status = response.get(\"status\", None)\n        if not status or status == ErrorCode.SUCCESS:\n            return\n        value = None\n        message = response.get(\"message\", \"\")\n        screen: str = response.get(\"screen\", \"\")\n        stacktrace = None\n        if isinstance(status, int):\n            value_json = response.get(\"value\", None)\n            if value_json and isinstance(value_json, str):\n                try:\n                    value = json.loads(value_json)\n                    if isinstance(value, dict):\n                        if len(value) == 1:\n                            value = value[\"value\"]\n                        status = value.get(\"error\", None)\n                        if not status:\n                            status = value.get(\"status\", ErrorCode.UNKNOWN_ERROR)\n                            message = value.get(\"value\") or value.get(\"message\")\n                            if not isinstance(message, str):\n                                value = message\n                                message = message.get(\"message\") if isinstance(message, dict) else None\n                        else:\n                            message = value.get(\"message\", None)\n                except ValueError:\n                    pass\n    \n        exception_class: type[WebDriverException]\n        e = ErrorCode()\n        error_codes = [item for item in dir(e) if not item.startswith(\"__\")]\n        for error_code in error_codes:\n            error_info = getattr(ErrorCode, error_code)\n            if isinstance(error_info, list) and status in error_info:\n                exception_class = getattr(ExceptionMapping, error_code, WebDriverException)\n                break\n        else:\n            exception_class = WebDriverException\n    \n        if not value:\n            value = response[\"value\"]\n        if isinstance(value, str):\n            raise exception_class(value)\n        if message == \"\" and \"message\" in value:\n            message = value[\"message\"]\n    \n        screen = None  # type: ignore[assignment]\n        if \"screen\" in value:\n            screen = value[\"screen\"]\n    \n        stacktrace = None\n        st_value = value.get(\"stackTrace\") or value.get(\"stacktrace\")\n        if st_value:\n            if isinstance(st_value, str):\n                stacktrace = st_value.split(\"\\n\")\n            else:\n                stacktrace = []\n                try:\n                    for frame in st_value:\n                        line = frame.get(\"lineNumber\", \"\")\n                        file = frame.get(\"fileName\", \"<anonymous>\")\n                        if line:\n                            file = f\"{file}:{line}\"\n                        meth = frame.get(\"methodName\", \"<anonymous>\")\n                        if \"className\" in frame:\n                            meth = f\"{frame['className']}.{meth}\"\n                        msg = \"    at %s (%s)\"\n                        msg = msg % (meth, file)\n                        stacktrace.append(msg)\n                except TypeError:\n                    pass\n        if exception_class == UnexpectedAlertPresentException:\n            alert_text = None\n            if \"data\" in value:\n                alert_text = value[\"data\"].get(\"text\")\n            elif \"alert\" in value:\n                alert_text = value[\"alert\"].get(\"text\")\n            raise exception_class(message, screen, stacktrace, alert_text)  # type: ignore[call-arg]  # mypy is not smart enough here\n>       raise exception_class(message, screen, stacktrace)\nE       selenium.common.exceptions.SessionNotCreatedException: Message: session not created: Chrome instance exited. Examine ChromeDriver verbose log to determine the cause.; For documentation on this error, please visit: https://www.selenium.dev/documentation/webdriver/troubleshooting/errors#sessionnotcreatedexception\nE       Stacktrace:\nE       #0 0x56454ff8132a <unknown>\nE       #1 0x56454f9cde4b <unknown>\nE       #2 0x56454fa08919 <unknown>\nE       #3 0x56454fa04375 <unknown>\nE       #4 0x56454fa55016 <unknown>\nE       #5 0x56454fa54736 <unknown>\nE       #6 0x56454fa12c1a <unknown>\nE       #7 0x56454fa13921 <unknown>\nE       #8 0x56454ff48239 <unknown>\nE       #9 0x56454ff4b1e8 <unknown>\nE       #10 0x56454ff314c9 <unknown>\nE       #11 0x56454ff4bdb5 <unknown>\nE       #12 0x56454ff18e93 <unknown>\nE       #13 0x56454ff6e098 <unknown>\nE       #14 0x56454ff6e273 <unknown>\nE       #15 0x56454ff802c3 <unknown>\nE       #16 0x7f4d9489caa4 <unknown>\nE       #17 0x7f4d94929c6c <unknown>\n\n/opt/hostedtoolcache/Python/3.14.0/x64/lib/python3.14/site-packages/selenium/webdriver/remote/errorhandler.py:233: SessionNotCreatedException","flaky":false,"newFailed":false,"newBroken":false,"newPassed":false,"retriesCount":0,"retriesStatusChange":false,"beforeStages":[],"testStage":{"status":"broken","statusMessage":"selenium.common.exceptions.SessionNotCreatedException: Message: session not created: Chrome instance exited. Examine ChromeDriver verbose log to determine the cause.; For documentation on this error, please visit: https://www.selenium.dev/documentation/webdriver/troubleshooting/errors#sessionnotcreatedexception\nStacktrace:\n#0 0x56454ff8132a <unknown>\n#1 0x56454f9cde4b <unknown>\n#2 0x56454fa08919 <unknown>\n#3 0x56454fa04375 <unknown>\n#4 0x56454fa55016 <unknown>\n#5 0x56454fa54736 <unknown>\n#6 0x56454fa12c1a <unknown>\n#7 0x56454fa13921 <unknown>\n#8 0x56454ff48239 <unknown>\n#9 0x56454ff4b1e8 <unknown>\n#10 0x56454ff314c9 <unknown>\n#11 0x56454ff4bdb5 <unknown>\n#12 0x56454ff18e93 <unknown>\n#13 0x56454ff6e098 <unknown>\n#14 0x56454ff6e273 <unknown>\n#15 0x56454ff802c3 <unknown>\n#16 0x7f4d9489caa4 <unknown>\n#17 0x7f4d94929c6c <unknown>","statusTrace":"def test_dynamic_github():\n        with allure.step(\"Открываем главную страницу\"):\n>           browser.open(\"https://github.com\")\n\ntests/test_steps.py:14: \n_ _ _ _ _ _ _ _ _ _ _ _ _ _ _ _ _ _ _ _ _ _ _ _ _ _ _ _ _ _ _ _ _ _ _ _ _ _ _ _ \n/opt/hostedtoolcache/Python/3.14.0/x64/lib/python3.14/site-packages/selene/core/_browser.py:93: in open\n    self.config._executor.get_url(relative_or_absolute_url)\n/opt/hostedtoolcache/Python/3.14.0/x64/lib/python3.14/site-packages/selene/core/configuration.py:263: in get_url\n    self.config._driver_get_url_strategy(self.config)(url)\n/opt/hostedtoolcache/Python/3.14.0/x64/lib/python3.14/site-packages/selene/core/configuration.py:178: in get\n    driver = config.driver\n             ^^^^^^^^^^^^^\n/opt/hostedtoolcache/Python/3.14.0/x64/lib/python3.14/site-packages/selene/core/configuration.py:305: in __get__\n    driver = config.build_driver_strategy(config)\n             ^^^^^^^^^^^^^^^^^^^^^^^^^^^^^^^^^^^^\n/opt/hostedtoolcache/Python/3.14.0/x64/lib/python3.14/site-packages/selene/core/configuration.py:129: in _build_local_driver_by_name_or_remote_by_url_and_options\n    return {  # type: ignore\n/opt/hostedtoolcache/Python/3.14.0/x64/lib/python3.14/site-packages/selene/core/configuration.py:66: in build_chrome\n    return Chrome(\n/opt/hostedtoolcache/Python/3.14.0/x64/lib/python3.14/site-packages/selenium/webdriver/chrome/webdriver.py:47: in __init__\n    super().__init__(\n/opt/hostedtoolcache/Python/3.14.0/x64/lib/python3.14/site-packages/selenium/webdriver/chromium/webdriver.py:71: in __init__\n    super().__init__(command_executor=executor, options=options)\n/opt/hostedtoolcache/Python/3.14.0/x64/lib/python3.14/site-packages/selenium/webdriver/remote/webdriver.py:263: in __init__\n    self.start_session(capabilities)\n/opt/hostedtoolcache/Python/3.14.0/x64/lib/python3.14/site-packages/selenium/webdriver/remote/webdriver.py:366: in start_session\n    response = self.execute(Command.NEW_SESSION, caps)[\"value\"]\n               ^^^^^^^^^^^^^^^^^^^^^^^^^^^^^^^^^^^^^^^\n/opt/hostedtoolcache/Python/3.14.0/x64/lib/python3.14/site-packages/selenium/webdriver/remote/webdriver.py:458: in execute\n    self.error_handler.check_response(response)\n_ _ _ _ _ _ _ _ _ _ _ _ _ _ _ _ _ _ _ _ _ _ _ _ _ _ _ _ _ _ _ _ _ _ _ _ _ _ _ _ \n\nself = <selenium.webdriver.remote.errorhandler.ErrorHandler object at 0x7f463e883390>\nresponse = {'status': 500, 'value': '{\"value\":{\"error\":\"session not created\",\"message\":\"session not created: Chrome instance exit...\\\\n#15 0x56454ff802c3 \\\\u003Cunknown>\\\\n#16 0x7f4d9489caa4 \\\\u003Cunknown>\\\\n#17 0x7f4d94929c6c \\\\u003Cunknown>\\\\n\"}}'}\n\n    def check_response(self, response: dict[str, Any]) -> None:\n        \"\"\"Checks that a JSON response from the WebDriver does not have an\n        error.\n    \n        Args:\n            response: The JSON response from the WebDriver server as a dictionary\n                object.\n    \n        Raises:\n            WebDriverException: If the response contains an error message.\n        \"\"\"\n        status = response.get(\"status\", None)\n        if not status or status == ErrorCode.SUCCESS:\n            return\n        value = None\n        message = response.get(\"message\", \"\")\n        screen: str = response.get(\"screen\", \"\")\n        stacktrace = None\n        if isinstance(status, int):\n            value_json = response.get(\"value\", None)\n            if value_json and isinstance(value_json, str):\n                try:\n                    value = json.loads(value_json)\n                    if isinstance(value, dict):\n                        if len(value) == 1:\n                            value = value[\"value\"]\n                        status = value.get(\"error\", None)\n                        if not status:\n                            status = value.get(\"status\", ErrorCode.UNKNOWN_ERROR)\n                            message = value.get(\"value\") or value.get(\"message\")\n                            if not isinstance(message, str):\n                                value = message\n                                message = message.get(\"message\") if isinstance(message, dict) else None\n                        else:\n                            message = value.get(\"message\", None)\n                except ValueError:\n                    pass\n    \n        exception_class: type[WebDriverException]\n        e = ErrorCode()\n        error_codes = [item for item in dir(e) if not item.startswith(\"__\")]\n        for error_code in error_codes:\n            error_info = getattr(ErrorCode, error_code)\n            if isinstance(error_info, list) and status in error_info:\n                exception_class = getattr(ExceptionMapping, error_code, WebDriverException)\n                break\n        else:\n            exception_class = WebDriverException\n    \n        if not value:\n            value = response[\"value\"]\n        if isinstance(value, str):\n            raise exception_class(value)\n        if message == \"\" and \"message\" in value:\n            message = value[\"message\"]\n    \n        screen = None  # type: ignore[assignment]\n        if \"screen\" in value:\n            screen = value[\"screen\"]\n    \n        stacktrace = None\n        st_value = value.get(\"stackTrace\") or value.get(\"stacktrace\")\n        if st_value:\n            if isinstance(st_value, str):\n                stacktrace = st_value.split(\"\\n\")\n            else:\n                stacktrace = []\n                try:\n                    for frame in st_value:\n                        line = frame.get(\"lineNumber\", \"\")\n                        file = frame.get(\"fileName\", \"<anonymous>\")\n                        if line:\n                            file = f\"{file}:{line}\"\n                        meth = frame.get(\"methodName\", \"<anonymous>\")\n                        if \"className\" in frame:\n                            meth = f\"{frame['className']}.{meth}\"\n                        msg = \"    at %s (%s)\"\n                        msg = msg % (meth, file)\n                        stacktrace.append(msg)\n                except TypeError:\n                    pass\n        if exception_class == UnexpectedAlertPresentException:\n            alert_text = None\n            if \"data\" in value:\n                alert_text = value[\"data\"].get(\"text\")\n            elif \"alert\" in value:\n                alert_text = value[\"alert\"].get(\"text\")\n            raise exception_class(message, screen, stacktrace, alert_text)  # type: ignore[call-arg]  # mypy is not smart enough here\n>       raise exception_class(message, screen, stacktrace)\nE       selenium.common.exceptions.SessionNotCreatedException: Message: session not created: Chrome instance exited. Examine ChromeDriver verbose log to determine the cause.; For documentation on this error, please visit: https://www.selenium.dev/documentation/webdriver/troubleshooting/errors#sessionnotcreatedexception\nE       Stacktrace:\nE       #0 0x56454ff8132a <unknown>\nE       #1 0x56454f9cde4b <unknown>\nE       #2 0x56454fa08919 <unknown>\nE       #3 0x56454fa04375 <unknown>\nE       #4 0x56454fa55016 <unknown>\nE       #5 0x56454fa54736 <unknown>\nE       #6 0x56454fa12c1a <unknown>\nE       #7 0x56454fa13921 <unknown>\nE       #8 0x56454ff48239 <unknown>\nE       #9 0x56454ff4b1e8 <unknown>\nE       #10 0x56454ff314c9 <unknown>\nE       #11 0x56454ff4bdb5 <unknown>\nE       #12 0x56454ff18e93 <unknown>\nE       #13 0x56454ff6e098 <unknown>\nE       #14 0x56454ff6e273 <unknown>\nE       #15 0x56454ff802c3 <unknown>\nE       #16 0x7f4d9489caa4 <unknown>\nE       #17 0x7f4d94929c6c <unknown>\n\n/opt/hostedtoolcache/Python/3.14.0/x64/lib/python3.14/site-packages/selenium/webdriver/remote/errorhandler.py:233: SessionNotCreatedException","steps":[{"name":"Открываем главную страницу","time":{"start":1763563944606,"stop":1763563944781,"duration":175},"status":"broken","statusMessage":"selenium.common.exceptions.SessionNotCreatedException: Message: session not created: Chrome instance exited. Examine ChromeDriver verbose log to determine the cause.; For documentation on this error, please visit: https://www.selenium.dev/documentation/webdriver/troubleshooting/errors#sessionnotcreatedexception\nStacktrace:\n#0 0x56454ff8132a <unknown>\n#1 0x56454f9cde4b <unknown>\n#2 0x56454fa08919 <unknown>\n#3 0x56454fa04375 <unknown>\n#4 0x56454fa55016 <unknown>\n#5 0x56454fa54736 <unknown>\n#6 0x56454fa12c1a <unknown>\n#7 0x56454fa13921 <unknown>\n#8 0x56454ff48239 <unknown>\n#9 0x56454ff4b1e8 <unknown>\n#10 0x56454ff314c9 <unknown>\n#11 0x56454ff4bdb5 <unknown>\n#12 0x56454ff18e93 <unknown>\n#13 0x56454ff6e098 <unknown>\n#14 0x56454ff6e273 <unknown>\n#15 0x56454ff802c3 <unknown>\n#16 0x7f4d9489caa4 <unknown>\n#17 0x7f4d94929c6c <unknown>\n\n","statusTrace":"  File \"/home/runner/work/qa_guru_homework_python_lesson_10/qa_guru_homework_python_lesson_10/tests/test_steps.py\", line 14, in test_dynamic_github\n    browser.open(\"https://github.com\")\n    ~~~~~~~~~~~~^^^^^^^^^^^^^^^^^^^^^^\n  File \"/opt/hostedtoolcache/Python/3.14.0/x64/lib/python3.14/site-packages/selene/core/_browser.py\", line 93, in open\n    self.config._executor.get_url(relative_or_absolute_url)\n    ~~~~~~~~~~~~~~~~~~~~~~~~~~~~~^^^^^^^^^^^^^^^^^^^^^^^^^^\n  File \"/opt/hostedtoolcache/Python/3.14.0/x64/lib/python3.14/site-packages/selene/core/configuration.py\", line 263, in get_url\n    self.config._driver_get_url_strategy(self.config)(url)\n    ~~~~~~~~~~~~~~~~~~~~~~~~~~~~~~~~~~~~~~~~~~~~~~~~~^^^^^\n  File \"/opt/hostedtoolcache/Python/3.14.0/x64/lib/python3.14/site-packages/selene/core/configuration.py\", line 178, in get\n    driver = config.driver\n             ^^^^^^^^^^^^^\n  File \"/opt/hostedtoolcache/Python/3.14.0/x64/lib/python3.14/site-packages/selene/core/configuration.py\", line 305, in __get__\n    driver = config.build_driver_strategy(config)\n  File \"/opt/hostedtoolcache/Python/3.14.0/x64/lib/python3.14/site-packages/selene/core/configuration.py\", line 129, in _build_local_driver_by_name_or_remote_by_url_and_options\n    return {  # type: ignore\n           ~~~~~~~~~~~~~~~~~\n    ...<32 lines>...\n        )\n        ~\n    )()\n    ~^^\n  File \"/opt/hostedtoolcache/Python/3.14.0/x64/lib/python3.14/site-packages/selene/core/configuration.py\", line 66, in build_chrome\n    return Chrome(\n        service=config.driver_service or ChromeService(),\n        options=config.driver_options,\n    )\n  File \"/opt/hostedtoolcache/Python/3.14.0/x64/lib/python3.14/site-packages/selenium/webdriver/chrome/webdriver.py\", line 47, in __init__\n    super().__init__(\n    ~~~~~~~~~~~~~~~~^\n        browser_name=DesiredCapabilities.CHROME[\"browserName\"],\n        ^^^^^^^^^^^^^^^^^^^^^^^^^^^^^^^^^^^^^^^^^^^^^^^^^^^^^^^\n    ...<3 lines>...\n        keep_alive=keep_alive,\n        ^^^^^^^^^^^^^^^^^^^^^^\n    )\n    ^\n  File \"/opt/hostedtoolcache/Python/3.14.0/x64/lib/python3.14/site-packages/selenium/webdriver/chromium/webdriver.py\", line 71, in __init__\n    super().__init__(command_executor=executor, options=options)\n    ~~~~~~~~~~~~~~~~^^^^^^^^^^^^^^^^^^^^^^^^^^^^^^^^^^^^^^^^^^^^\n  File \"/opt/hostedtoolcache/Python/3.14.0/x64/lib/python3.14/site-packages/selenium/webdriver/remote/webdriver.py\", line 263, in __init__\n    self.start_session(capabilities)\n    ~~~~~~~~~~~~~~~~~~^^^^^^^^^^^^^^\n  File \"/opt/hostedtoolcache/Python/3.14.0/x64/lib/python3.14/site-packages/selenium/webdriver/remote/webdriver.py\", line 366, in start_session\n    response = self.execute(Command.NEW_SESSION, caps)[\"value\"]\n               ~~~~~~~~~~~~^^^^^^^^^^^^^^^^^^^^^^^^^^^\n  File \"/opt/hostedtoolcache/Python/3.14.0/x64/lib/python3.14/site-packages/selenium/webdriver/remote/webdriver.py\", line 458, in execute\n    self.error_handler.check_response(response)\n    ~~~~~~~~~~~~~~~~~~~~~~~~~~~~~~~~~^^^^^^^^^^\n  File \"/opt/hostedtoolcache/Python/3.14.0/x64/lib/python3.14/site-packages/selenium/webdriver/remote/errorhandler.py\", line 233, in check_response\n    raise exception_class(message, screen, stacktrace)\n","steps":[],"attachments":[],"parameters":[],"stepsCount":0,"shouldDisplayMessage":true,"attachmentsCount":0,"hasContent":true,"attachmentStep":false}],"attachments":[],"parameters":[],"stepsCount":1,"shouldDisplayMessage":true,"attachmentsCount":0,"hasContent":true,"attachmentStep":false},"afterStages":[],"labels":[{"name":"parentSuite","value":"tests"},{"name":"suite","value":"test_steps"},{"name":"host","value":"runnervmg1sw1"},{"name":"thread","value":"2511-MainThread"},{"name":"framework","value":"pytest"},{"name":"language","value":"cpython3"},{"name":"package","value":"tests.test_steps"},{"name":"resultFormat","value":"allure2"}],"parameters":[],"links":[],"hidden":false,"retry":false,"extra":{"severity":"normal","retries":[],"categories":[{"name":"Test defects","matchedStatuses":[],"flaky":false}],"history":{"statistic":{"failed":0,"broken":3,"skipped":0,"passed":0,"unknown":0,"total":3},"items":[{"uid":"9711d61b9165a589","reportUrl":"https://achernecova.github.io/qa_guru_homework_python_lesson_10/10/#testresult/9711d61b9165a589","status":"broken","statusDetails":"selenium.common.exceptions.SessionNotCreatedException: Message: session not created: Chrome instance exited. Examine ChromeDriver verbose log to determine the cause.; For documentation on this error, please visit: https://www.selenium.dev/documentation/webdriver/troubleshooting/errors#sessionnotcreatedexception\nStacktrace:\n#0 0x557d1078932a <unknown>\n#1 0x557d101d5e4b <unknown>\n#2 0x557d10210919 <unknown>\n#3 0x557d1020c375 <unknown>\n#4 0x557d1025d016 <unknown>\n#5 0x557d1025c736 <unknown>\n#6 0x557d1021ac1a <unknown>\n#7 0x557d1021b921 <unknown>\n#8 0x557d10750239 <unknown>\n#9 0x557d107531e8 <unknown>\n#10 0x557d107394c9 <unknown>\n#11 0x557d10753db5 <unknown>\n#12 0x557d10720e93 <unknown>\n#13 0x557d10776098 <unknown>\n#14 0x557d10776273 <unknown>\n#15 0x557d107882c3 <unknown>\n#16 0x7f7d3a69caa4 <unknown>\n#17 0x7f7d3a729c6c <unknown>","time":{"start":1763545856249,"stop":1763545856426,"duration":177}},{"uid":"d269bc188460a3be","reportUrl":"https://achernecova.github.io/qa_guru_homework_python_lesson_10/9/#testresult/d269bc188460a3be","status":"broken","statusDetails":"selenium.common.exceptions.SessionNotCreatedException: Message: session not created: Chrome instance exited. Examine ChromeDriver verbose log to determine the cause.; For documentation on this error, please visit: https://www.selenium.dev/documentation/webdriver/troubleshooting/errors#sessionnotcreatedexception\nStacktrace:\n#0 0x55bc97ab332a <unknown>\n#1 0x55bc974ffe4b <unknown>\n#2 0x55bc9753a919 <unknown>\n#3 0x55bc97536375 <unknown>\n#4 0x55bc97587016 <unknown>\n#5 0x55bc97586736 <unknown>\n#6 0x55bc97544c1a <unknown>\n#7 0x55bc97545921 <unknown>\n#8 0x55bc97a7a239 <unknown>\n#9 0x55bc97a7d1e8 <unknown>\n#10 0x55bc97a634c9 <unknown>\n#11 0x55bc97a7ddb5 <unknown>\n#12 0x55bc97a4ae93 <unknown>\n#13 0x55bc97aa0098 <unknown>\n#14 0x55bc97aa0273 <unknown>\n#15 0x55bc97ab22c3 <unknown>\n#16 0x7fea9d69caa4 <unknown>\n#17 0x7fea9d729c6c <unknown>","time":{"start":1763545258178,"stop":1763545258339,"duration":161}}]},"tags":[]},"source":"d19ac6278690af3c.json","parameterValues":[]}