{"uid":"5f0c8cb53fdb51b5","name":"test_decorator_steps","fullName":"tests.test_steps#test_decorator_steps","historyId":"fd62217c3385a97c3b02a331591880c0","time":{"start":1763545856481,"stop":1763545856659,"duration":178},"status":"broken","statusMessage":"selenium.common.exceptions.SessionNotCreatedException: Message: session not created: Chrome instance exited. Examine ChromeDriver verbose log to determine the cause.; For documentation on this error, please visit: https://www.selenium.dev/documentation/webdriver/troubleshooting/errors#sessionnotcreatedexception\nStacktrace:\n#0 0x55a29eeb932a <unknown>\n#1 0x55a29e905e4b <unknown>\n#2 0x55a29e940919 <unknown>\n#3 0x55a29e93c375 <unknown>\n#4 0x55a29e98d016 <unknown>\n#5 0x55a29e98c736 <unknown>\n#6 0x55a29e94ac1a <unknown>\n#7 0x55a29e94b921 <unknown>\n#8 0x55a29ee80239 <unknown>\n#9 0x55a29ee831e8 <unknown>\n#10 0x55a29ee694c9 <unknown>\n#11 0x55a29ee83db5 <unknown>\n#12 0x55a29ee50e93 <unknown>\n#13 0x55a29eea6098 <unknown>\n#14 0x55a29eea6273 <unknown>\n#15 0x55a29eeb82c3 <unknown>\n#16 0x7f8c6fe9caa4 <unknown>\n#17 0x7f8c6ff29c6c <unknown>","statusTrace":"def test_decorator_steps():\n>       open_main_page()\n\ntests/test_steps.py:36: \n_ _ _ _ _ _ _ _ _ _ _ _ _ _ _ _ _ _ _ _ _ _ _ _ _ _ _ _ _ _ _ _ _ _ _ _ _ _ _ _ \ntests/test_steps.py:45: in open_main_page\n    browser.open(\"https://github.com\")\n/opt/hostedtoolcache/Python/3.14.0/x64/lib/python3.14/site-packages/selene/core/_browser.py:93: in open\n    self.config._executor.get_url(relative_or_absolute_url)\n/opt/hostedtoolcache/Python/3.14.0/x64/lib/python3.14/site-packages/selene/core/configuration.py:263: in get_url\n    self.config._driver_get_url_strategy(self.config)(url)\n/opt/hostedtoolcache/Python/3.14.0/x64/lib/python3.14/site-packages/selene/core/configuration.py:178: in get\n    driver = config.driver\n             ^^^^^^^^^^^^^\n/opt/hostedtoolcache/Python/3.14.0/x64/lib/python3.14/site-packages/selene/core/configuration.py:305: in __get__\n    driver = config.build_driver_strategy(config)\n             ^^^^^^^^^^^^^^^^^^^^^^^^^^^^^^^^^^^^\n/opt/hostedtoolcache/Python/3.14.0/x64/lib/python3.14/site-packages/selene/core/configuration.py:129: in _build_local_driver_by_name_or_remote_by_url_and_options\n    return {  # type: ignore\n/opt/hostedtoolcache/Python/3.14.0/x64/lib/python3.14/site-packages/selene/core/configuration.py:66: in build_chrome\n    return Chrome(\n/opt/hostedtoolcache/Python/3.14.0/x64/lib/python3.14/site-packages/selenium/webdriver/chrome/webdriver.py:47: in __init__\n    super().__init__(\n/opt/hostedtoolcache/Python/3.14.0/x64/lib/python3.14/site-packages/selenium/webdriver/chromium/webdriver.py:71: in __init__\n    super().__init__(command_executor=executor, options=options)\n/opt/hostedtoolcache/Python/3.14.0/x64/lib/python3.14/site-packages/selenium/webdriver/remote/webdriver.py:263: in __init__\n    self.start_session(capabilities)\n/opt/hostedtoolcache/Python/3.14.0/x64/lib/python3.14/site-packages/selenium/webdriver/remote/webdriver.py:366: in start_session\n    response = self.execute(Command.NEW_SESSION, caps)[\"value\"]\n               ^^^^^^^^^^^^^^^^^^^^^^^^^^^^^^^^^^^^^^^\n/opt/hostedtoolcache/Python/3.14.0/x64/lib/python3.14/site-packages/selenium/webdriver/remote/webdriver.py:458: in execute\n    self.error_handler.check_response(response)\n_ _ _ _ _ _ _ _ _ _ _ _ _ _ _ _ _ _ _ _ _ _ _ _ _ _ _ _ _ _ _ _ _ _ _ _ _ _ _ _ \n\nself = <selenium.webdriver.remote.errorhandler.ErrorHandler object at 0x7f22f4a20cd0>\nresponse = {'status': 500, 'value': '{\"value\":{\"error\":\"session not created\",\"message\":\"session not created: Chrome instance exit...\\\\n#15 0x55a29eeb82c3 \\\\u003Cunknown>\\\\n#16 0x7f8c6fe9caa4 \\\\u003Cunknown>\\\\n#17 0x7f8c6ff29c6c \\\\u003Cunknown>\\\\n\"}}'}\n\n    def check_response(self, response: dict[str, Any]) -> None:\n        \"\"\"Checks that a JSON response from the WebDriver does not have an\n        error.\n    \n        Args:\n            response: The JSON response from the WebDriver server as a dictionary\n                object.\n    \n        Raises:\n            WebDriverException: If the response contains an error message.\n        \"\"\"\n        status = response.get(\"status\", None)\n        if not status or status == ErrorCode.SUCCESS:\n            return\n        value = None\n        message = response.get(\"message\", \"\")\n        screen: str = response.get(\"screen\", \"\")\n        stacktrace = None\n        if isinstance(status, int):\n            value_json = response.get(\"value\", None)\n            if value_json and isinstance(value_json, str):\n                try:\n                    value = json.loads(value_json)\n                    if isinstance(value, dict):\n                        if len(value) == 1:\n                            value = value[\"value\"]\n                        status = value.get(\"error\", None)\n                        if not status:\n                            status = value.get(\"status\", ErrorCode.UNKNOWN_ERROR)\n                            message = value.get(\"value\") or value.get(\"message\")\n                            if not isinstance(message, str):\n                                value = message\n                                message = message.get(\"message\") if isinstance(message, dict) else None\n                        else:\n                            message = value.get(\"message\", None)\n                except ValueError:\n                    pass\n    \n        exception_class: type[WebDriverException]\n        e = ErrorCode()\n        error_codes = [item for item in dir(e) if not item.startswith(\"__\")]\n        for error_code in error_codes:\n            error_info = getattr(ErrorCode, error_code)\n            if isinstance(error_info, list) and status in error_info:\n                exception_class = getattr(ExceptionMapping, error_code, WebDriverException)\n                break\n        else:\n            exception_class = WebDriverException\n    \n        if not value:\n            value = response[\"value\"]\n        if isinstance(value, str):\n            raise exception_class(value)\n        if message == \"\" and \"message\" in value:\n            message = value[\"message\"]\n    \n        screen = None  # type: ignore[assignment]\n        if \"screen\" in value:\n            screen = value[\"screen\"]\n    \n        stacktrace = None\n        st_value = value.get(\"stackTrace\") or value.get(\"stacktrace\")\n        if st_value:\n            if isinstance(st_value, str):\n                stacktrace = st_value.split(\"\\n\")\n            else:\n                stacktrace = []\n                try:\n                    for frame in st_value:\n                        line = frame.get(\"lineNumber\", \"\")\n                        file = frame.get(\"fileName\", \"<anonymous>\")\n                        if line:\n                            file = f\"{file}:{line}\"\n                        meth = frame.get(\"methodName\", \"<anonymous>\")\n                        if \"className\" in frame:\n                            meth = f\"{frame['className']}.{meth}\"\n                        msg = \"    at %s (%s)\"\n                        msg = msg % (meth, file)\n                        stacktrace.append(msg)\n                except TypeError:\n                    pass\n        if exception_class == UnexpectedAlertPresentException:\n            alert_text = None\n            if \"data\" in value:\n                alert_text = value[\"data\"].get(\"text\")\n            elif \"alert\" in value:\n                alert_text = value[\"alert\"].get(\"text\")\n            raise exception_class(message, screen, stacktrace, alert_text)  # type: ignore[call-arg]  # mypy is not smart enough here\n>       raise exception_class(message, screen, stacktrace)\nE       selenium.common.exceptions.SessionNotCreatedException: Message: session not created: Chrome instance exited. Examine ChromeDriver verbose log to determine the cause.; For documentation on this error, please visit: https://www.selenium.dev/documentation/webdriver/troubleshooting/errors#sessionnotcreatedexception\nE       Stacktrace:\nE       #0 0x55a29eeb932a <unknown>\nE       #1 0x55a29e905e4b <unknown>\nE       #2 0x55a29e940919 <unknown>\nE       #3 0x55a29e93c375 <unknown>\nE       #4 0x55a29e98d016 <unknown>\nE       #5 0x55a29e98c736 <unknown>\nE       #6 0x55a29e94ac1a <unknown>\nE       #7 0x55a29e94b921 <unknown>\nE       #8 0x55a29ee80239 <unknown>\nE       #9 0x55a29ee831e8 <unknown>\nE       #10 0x55a29ee694c9 <unknown>\nE       #11 0x55a29ee83db5 <unknown>\nE       #12 0x55a29ee50e93 <unknown>\nE       #13 0x55a29eea6098 <unknown>\nE       #14 0x55a29eea6273 <unknown>\nE       #15 0x55a29eeb82c3 <unknown>\nE       #16 0x7f8c6fe9caa4 <unknown>\nE       #17 0x7f8c6ff29c6c <unknown>\n\n/opt/hostedtoolcache/Python/3.14.0/x64/lib/python3.14/site-packages/selenium/webdriver/remote/errorhandler.py:233: SessionNotCreatedException","flaky":false,"newFailed":false,"newBroken":false,"newPassed":false,"retriesCount":0,"retriesStatusChange":false,"beforeStages":[],"testStage":{"status":"broken","statusMessage":"selenium.common.exceptions.SessionNotCreatedException: Message: session not created: Chrome instance exited. Examine ChromeDriver verbose log to determine the cause.; For documentation on this error, please visit: https://www.selenium.dev/documentation/webdriver/troubleshooting/errors#sessionnotcreatedexception\nStacktrace:\n#0 0x55a29eeb932a <unknown>\n#1 0x55a29e905e4b <unknown>\n#2 0x55a29e940919 <unknown>\n#3 0x55a29e93c375 <unknown>\n#4 0x55a29e98d016 <unknown>\n#5 0x55a29e98c736 <unknown>\n#6 0x55a29e94ac1a <unknown>\n#7 0x55a29e94b921 <unknown>\n#8 0x55a29ee80239 <unknown>\n#9 0x55a29ee831e8 <unknown>\n#10 0x55a29ee694c9 <unknown>\n#11 0x55a29ee83db5 <unknown>\n#12 0x55a29ee50e93 <unknown>\n#13 0x55a29eea6098 <unknown>\n#14 0x55a29eea6273 <unknown>\n#15 0x55a29eeb82c3 <unknown>\n#16 0x7f8c6fe9caa4 <unknown>\n#17 0x7f8c6ff29c6c <unknown>","statusTrace":"def test_decorator_steps():\n>       open_main_page()\n\ntests/test_steps.py:36: \n_ _ _ _ _ _ _ _ _ _ _ _ _ _ _ _ _ _ _ _ _ _ _ _ _ _ _ _ _ _ _ _ _ _ _ _ _ _ _ _ \ntests/test_steps.py:45: in open_main_page\n    browser.open(\"https://github.com\")\n/opt/hostedtoolcache/Python/3.14.0/x64/lib/python3.14/site-packages/selene/core/_browser.py:93: in open\n    self.config._executor.get_url(relative_or_absolute_url)\n/opt/hostedtoolcache/Python/3.14.0/x64/lib/python3.14/site-packages/selene/core/configuration.py:263: in get_url\n    self.config._driver_get_url_strategy(self.config)(url)\n/opt/hostedtoolcache/Python/3.14.0/x64/lib/python3.14/site-packages/selene/core/configuration.py:178: in get\n    driver = config.driver\n             ^^^^^^^^^^^^^\n/opt/hostedtoolcache/Python/3.14.0/x64/lib/python3.14/site-packages/selene/core/configuration.py:305: in __get__\n    driver = config.build_driver_strategy(config)\n             ^^^^^^^^^^^^^^^^^^^^^^^^^^^^^^^^^^^^\n/opt/hostedtoolcache/Python/3.14.0/x64/lib/python3.14/site-packages/selene/core/configuration.py:129: in _build_local_driver_by_name_or_remote_by_url_and_options\n    return {  # type: ignore\n/opt/hostedtoolcache/Python/3.14.0/x64/lib/python3.14/site-packages/selene/core/configuration.py:66: in build_chrome\n    return Chrome(\n/opt/hostedtoolcache/Python/3.14.0/x64/lib/python3.14/site-packages/selenium/webdriver/chrome/webdriver.py:47: in __init__\n    super().__init__(\n/opt/hostedtoolcache/Python/3.14.0/x64/lib/python3.14/site-packages/selenium/webdriver/chromium/webdriver.py:71: in __init__\n    super().__init__(command_executor=executor, options=options)\n/opt/hostedtoolcache/Python/3.14.0/x64/lib/python3.14/site-packages/selenium/webdriver/remote/webdriver.py:263: in __init__\n    self.start_session(capabilities)\n/opt/hostedtoolcache/Python/3.14.0/x64/lib/python3.14/site-packages/selenium/webdriver/remote/webdriver.py:366: in start_session\n    response = self.execute(Command.NEW_SESSION, caps)[\"value\"]\n               ^^^^^^^^^^^^^^^^^^^^^^^^^^^^^^^^^^^^^^^\n/opt/hostedtoolcache/Python/3.14.0/x64/lib/python3.14/site-packages/selenium/webdriver/remote/webdriver.py:458: in execute\n    self.error_handler.check_response(response)\n_ _ _ _ _ _ _ _ _ _ _ _ _ _ _ _ _ _ _ _ _ _ _ _ _ _ _ _ _ _ _ _ _ _ _ _ _ _ _ _ \n\nself = <selenium.webdriver.remote.errorhandler.ErrorHandler object at 0x7f22f4a20cd0>\nresponse = {'status': 500, 'value': '{\"value\":{\"error\":\"session not created\",\"message\":\"session not created: Chrome instance exit...\\\\n#15 0x55a29eeb82c3 \\\\u003Cunknown>\\\\n#16 0x7f8c6fe9caa4 \\\\u003Cunknown>\\\\n#17 0x7f8c6ff29c6c \\\\u003Cunknown>\\\\n\"}}'}\n\n    def check_response(self, response: dict[str, Any]) -> None:\n        \"\"\"Checks that a JSON response from the WebDriver does not have an\n        error.\n    \n        Args:\n            response: The JSON response from the WebDriver server as a dictionary\n                object.\n    \n        Raises:\n            WebDriverException: If the response contains an error message.\n        \"\"\"\n        status = response.get(\"status\", None)\n        if not status or status == ErrorCode.SUCCESS:\n            return\n        value = None\n        message = response.get(\"message\", \"\")\n        screen: str = response.get(\"screen\", \"\")\n        stacktrace = None\n        if isinstance(status, int):\n            value_json = response.get(\"value\", None)\n            if value_json and isinstance(value_json, str):\n                try:\n                    value = json.loads(value_json)\n                    if isinstance(value, dict):\n                        if len(value) == 1:\n                            value = value[\"value\"]\n                        status = value.get(\"error\", None)\n                        if not status:\n                            status = value.get(\"status\", ErrorCode.UNKNOWN_ERROR)\n                            message = value.get(\"value\") or value.get(\"message\")\n                            if not isinstance(message, str):\n                                value = message\n                                message = message.get(\"message\") if isinstance(message, dict) else None\n                        else:\n                            message = value.get(\"message\", None)\n                except ValueError:\n                    pass\n    \n        exception_class: type[WebDriverException]\n        e = ErrorCode()\n        error_codes = [item for item in dir(e) if not item.startswith(\"__\")]\n        for error_code in error_codes:\n            error_info = getattr(ErrorCode, error_code)\n            if isinstance(error_info, list) and status in error_info:\n                exception_class = getattr(ExceptionMapping, error_code, WebDriverException)\n                break\n        else:\n            exception_class = WebDriverException\n    \n        if not value:\n            value = response[\"value\"]\n        if isinstance(value, str):\n            raise exception_class(value)\n        if message == \"\" and \"message\" in value:\n            message = value[\"message\"]\n    \n        screen = None  # type: ignore[assignment]\n        if \"screen\" in value:\n            screen = value[\"screen\"]\n    \n        stacktrace = None\n        st_value = value.get(\"stackTrace\") or value.get(\"stacktrace\")\n        if st_value:\n            if isinstance(st_value, str):\n                stacktrace = st_value.split(\"\\n\")\n            else:\n                stacktrace = []\n                try:\n                    for frame in st_value:\n                        line = frame.get(\"lineNumber\", \"\")\n                        file = frame.get(\"fileName\", \"<anonymous>\")\n                        if line:\n                            file = f\"{file}:{line}\"\n                        meth = frame.get(\"methodName\", \"<anonymous>\")\n                        if \"className\" in frame:\n                            meth = f\"{frame['className']}.{meth}\"\n                        msg = \"    at %s (%s)\"\n                        msg = msg % (meth, file)\n                        stacktrace.append(msg)\n                except TypeError:\n                    pass\n        if exception_class == UnexpectedAlertPresentException:\n            alert_text = None\n            if \"data\" in value:\n                alert_text = value[\"data\"].get(\"text\")\n            elif \"alert\" in value:\n                alert_text = value[\"alert\"].get(\"text\")\n            raise exception_class(message, screen, stacktrace, alert_text)  # type: ignore[call-arg]  # mypy is not smart enough here\n>       raise exception_class(message, screen, stacktrace)\nE       selenium.common.exceptions.SessionNotCreatedException: Message: session not created: Chrome instance exited. Examine ChromeDriver verbose log to determine the cause.; For documentation on this error, please visit: https://www.selenium.dev/documentation/webdriver/troubleshooting/errors#sessionnotcreatedexception\nE       Stacktrace:\nE       #0 0x55a29eeb932a <unknown>\nE       #1 0x55a29e905e4b <unknown>\nE       #2 0x55a29e940919 <unknown>\nE       #3 0x55a29e93c375 <unknown>\nE       #4 0x55a29e98d016 <unknown>\nE       #5 0x55a29e98c736 <unknown>\nE       #6 0x55a29e94ac1a <unknown>\nE       #7 0x55a29e94b921 <unknown>\nE       #8 0x55a29ee80239 <unknown>\nE       #9 0x55a29ee831e8 <unknown>\nE       #10 0x55a29ee694c9 <unknown>\nE       #11 0x55a29ee83db5 <unknown>\nE       #12 0x55a29ee50e93 <unknown>\nE       #13 0x55a29eea6098 <unknown>\nE       #14 0x55a29eea6273 <unknown>\nE       #15 0x55a29eeb82c3 <unknown>\nE       #16 0x7f8c6fe9caa4 <unknown>\nE       #17 0x7f8c6ff29c6c <unknown>\n\n/opt/hostedtoolcache/Python/3.14.0/x64/lib/python3.14/site-packages/selenium/webdriver/remote/errorhandler.py:233: SessionNotCreatedException","steps":[{"name":"Открываем главную страницу","time":{"start":1763545856481,"stop":1763545856657,"duration":176},"status":"broken","statusMessage":"selenium.common.exceptions.SessionNotCreatedException: Message: session not created: Chrome instance exited. Examine ChromeDriver verbose log to determine the cause.; For documentation on this error, please visit: https://www.selenium.dev/documentation/webdriver/troubleshooting/errors#sessionnotcreatedexception\nStacktrace:\n#0 0x55a29eeb932a <unknown>\n#1 0x55a29e905e4b <unknown>\n#2 0x55a29e940919 <unknown>\n#3 0x55a29e93c375 <unknown>\n#4 0x55a29e98d016 <unknown>\n#5 0x55a29e98c736 <unknown>\n#6 0x55a29e94ac1a <unknown>\n#7 0x55a29e94b921 <unknown>\n#8 0x55a29ee80239 <unknown>\n#9 0x55a29ee831e8 <unknown>\n#10 0x55a29ee694c9 <unknown>\n#11 0x55a29ee83db5 <unknown>\n#12 0x55a29ee50e93 <unknown>\n#13 0x55a29eea6098 <unknown>\n#14 0x55a29eea6273 <unknown>\n#15 0x55a29eeb82c3 <unknown>\n#16 0x7f8c6fe9caa4 <unknown>\n#17 0x7f8c6ff29c6c <unknown>\n\n","statusTrace":"  File \"/opt/hostedtoolcache/Python/3.14.0/x64/lib/python3.14/site-packages/allure_commons/_allure.py\", line 202, in impl\n    return func(*a, **kw)\n  File \"/home/runner/work/qa_guru_homework_python_lesson_10/qa_guru_homework_python_lesson_10/tests/test_steps.py\", line 45, in open_main_page\n    browser.open(\"https://github.com\")\n    ~~~~~~~~~~~~^^^^^^^^^^^^^^^^^^^^^^\n  File \"/opt/hostedtoolcache/Python/3.14.0/x64/lib/python3.14/site-packages/selene/core/_browser.py\", line 93, in open\n    self.config._executor.get_url(relative_or_absolute_url)\n    ~~~~~~~~~~~~~~~~~~~~~~~~~~~~~^^^^^^^^^^^^^^^^^^^^^^^^^^\n  File \"/opt/hostedtoolcache/Python/3.14.0/x64/lib/python3.14/site-packages/selene/core/configuration.py\", line 263, in get_url\n    self.config._driver_get_url_strategy(self.config)(url)\n    ~~~~~~~~~~~~~~~~~~~~~~~~~~~~~~~~~~~~~~~~~~~~~~~~~^^^^^\n  File \"/opt/hostedtoolcache/Python/3.14.0/x64/lib/python3.14/site-packages/selene/core/configuration.py\", line 178, in get\n    driver = config.driver\n             ^^^^^^^^^^^^^\n  File \"/opt/hostedtoolcache/Python/3.14.0/x64/lib/python3.14/site-packages/selene/core/configuration.py\", line 305, in __get__\n    driver = config.build_driver_strategy(config)\n  File \"/opt/hostedtoolcache/Python/3.14.0/x64/lib/python3.14/site-packages/selene/core/configuration.py\", line 129, in _build_local_driver_by_name_or_remote_by_url_and_options\n    return {  # type: ignore\n           ~~~~~~~~~~~~~~~~~\n    ...<32 lines>...\n        )\n        ~\n    )()\n    ~^^\n  File \"/opt/hostedtoolcache/Python/3.14.0/x64/lib/python3.14/site-packages/selene/core/configuration.py\", line 66, in build_chrome\n    return Chrome(\n        service=config.driver_service or ChromeService(),\n        options=config.driver_options,\n    )\n  File \"/opt/hostedtoolcache/Python/3.14.0/x64/lib/python3.14/site-packages/selenium/webdriver/chrome/webdriver.py\", line 47, in __init__\n    super().__init__(\n    ~~~~~~~~~~~~~~~~^\n        browser_name=DesiredCapabilities.CHROME[\"browserName\"],\n        ^^^^^^^^^^^^^^^^^^^^^^^^^^^^^^^^^^^^^^^^^^^^^^^^^^^^^^^\n    ...<3 lines>...\n        keep_alive=keep_alive,\n        ^^^^^^^^^^^^^^^^^^^^^^\n    )\n    ^\n  File \"/opt/hostedtoolcache/Python/3.14.0/x64/lib/python3.14/site-packages/selenium/webdriver/chromium/webdriver.py\", line 71, in __init__\n    super().__init__(command_executor=executor, options=options)\n    ~~~~~~~~~~~~~~~~^^^^^^^^^^^^^^^^^^^^^^^^^^^^^^^^^^^^^^^^^^^^\n  File \"/opt/hostedtoolcache/Python/3.14.0/x64/lib/python3.14/site-packages/selenium/webdriver/remote/webdriver.py\", line 263, in __init__\n    self.start_session(capabilities)\n    ~~~~~~~~~~~~~~~~~~^^^^^^^^^^^^^^\n  File \"/opt/hostedtoolcache/Python/3.14.0/x64/lib/python3.14/site-packages/selenium/webdriver/remote/webdriver.py\", line 366, in start_session\n    response = self.execute(Command.NEW_SESSION, caps)[\"value\"]\n               ~~~~~~~~~~~~^^^^^^^^^^^^^^^^^^^^^^^^^^^\n  File \"/opt/hostedtoolcache/Python/3.14.0/x64/lib/python3.14/site-packages/selenium/webdriver/remote/webdriver.py\", line 458, in execute\n    self.error_handler.check_response(response)\n    ~~~~~~~~~~~~~~~~~~~~~~~~~~~~~~~~~^^^^^^^^^^\n  File \"/opt/hostedtoolcache/Python/3.14.0/x64/lib/python3.14/site-packages/selenium/webdriver/remote/errorhandler.py\", line 233, in check_response\n    raise exception_class(message, screen, stacktrace)\n","steps":[],"attachments":[],"parameters":[],"stepsCount":0,"shouldDisplayMessage":true,"attachmentsCount":0,"hasContent":true,"attachmentStep":false}],"attachments":[],"parameters":[],"stepsCount":1,"shouldDisplayMessage":true,"attachmentsCount":0,"hasContent":true,"attachmentStep":false},"afterStages":[],"labels":[{"name":"parentSuite","value":"tests"},{"name":"suite","value":"test_steps"},{"name":"host","value":"runnervmg1sw1"},{"name":"thread","value":"2520-MainThread"},{"name":"framework","value":"pytest"},{"name":"language","value":"cpython3"},{"name":"package","value":"tests.test_steps"},{"name":"resultFormat","value":"allure2"}],"parameters":[],"links":[],"hidden":false,"retry":false,"extra":{"severity":"normal","retries":[],"categories":[{"name":"Test defects","matchedStatuses":[],"flaky":false}],"history":{"statistic":{"failed":0,"broken":2,"skipped":0,"passed":0,"unknown":0,"total":2},"items":[{"uid":"924644fb01e1566e","reportUrl":"https://achernecova.github.io/qa_guru_homework_python_lesson_10/9/#testresult/924644fb01e1566e","status":"broken","statusDetails":"selenium.common.exceptions.SessionNotCreatedException: Message: session not created: Chrome instance exited. Examine ChromeDriver verbose log to determine the cause.; For documentation on this error, please visit: https://www.selenium.dev/documentation/webdriver/troubleshooting/errors#sessionnotcreatedexception\nStacktrace:\n#0 0x55fb60d0332a <unknown>\n#1 0x55fb6074fe4b <unknown>\n#2 0x55fb6078a919 <unknown>\n#3 0x55fb60786375 <unknown>\n#4 0x55fb607d7016 <unknown>\n#5 0x55fb607d6736 <unknown>\n#6 0x55fb60794c1a <unknown>\n#7 0x55fb60795921 <unknown>\n#8 0x55fb60cca239 <unknown>\n#9 0x55fb60ccd1e8 <unknown>\n#10 0x55fb60cb34c9 <unknown>\n#11 0x55fb60ccddb5 <unknown>\n#12 0x55fb60c9ae93 <unknown>\n#13 0x55fb60cf0098 <unknown>\n#14 0x55fb60cf0273 <unknown>\n#15 0x55fb60d022c3 <unknown>\n#16 0x7f4a4e89caa4 <unknown>\n#17 0x7f4a4e929c6c <unknown>","time":{"start":1763545258390,"stop":1763545258500,"duration":110}}]},"tags":[]},"source":"5f0c8cb53fdb51b5.json","parameterValues":[]}