{"uid":"4b4757e66a1912dae1a509f688f20b0f","children":[{"name":"Test defects","children":[{"name":"selenium.common.exceptions.SessionNotCreatedException: Message: session not created: Chrome instance exited. Examine ChromeDriver verbose log to determine the cause.; For documentation on this error, please visit: https://www.selenium.dev/documentation/webdriver/troubleshooting/errors#sessionnotcreatedexception\nStacktrace:\n#0 0x556e04d9432a <unknown>\n#1 0x556e047e0e4b <unknown>\n#2 0x556e0481b919 <unknown>\n#3 0x556e04817375 <unknown>\n#4 0x556e04868016 <unknown>\n#5 0x556e04867736 <unknown>\n#6 0x556e04825c1a <unknown>\n#7 0x556e04826921 <unknown>\n#8 0x556e04d5b239 <unknown>\n#9 0x556e04d5e1e8 <unknown>\n#10 0x556e04d444c9 <unknown>\n#11 0x556e04d5edb5 <unknown>\n#12 0x556e04d2be93 <unknown>\n#13 0x556e04d81098 <unknown>\n#14 0x556e04d81273 <unknown>\n#15 0x556e04d932c3 <unknown>\n#16 0x7fd82f09caa4 <unknown>\n#17 0x7fd82f129c6c <unknown>","children":[{"name":"test_label_issues_github","uid":"dcaea8ee0abe0227","parentUid":"aeda8a39a0ab5d092a7705801c66fbca","status":"broken","time":{"start":1763800701253,"stop":1763800704780,"duration":3527},"flaky":false,"newFailed":false,"newPassed":false,"newBroken":false,"retriesCount":0,"retriesStatusChange":false,"parameters":[],"tags":["normal"]}],"uid":"aeda8a39a0ab5d092a7705801c66fbca"},{"name":"selenium.common.exceptions.SessionNotCreatedException: Message: session not created: Chrome instance exited. Examine ChromeDriver verbose log to determine the cause.; For documentation on this error, please visit: https://www.selenium.dev/documentation/webdriver/troubleshooting/errors#sessionnotcreatedexception\nStacktrace:\n#0 0x563b522f832a <unknown>\n#1 0x563b51d44e4b <unknown>\n#2 0x563b51d7f919 <unknown>\n#3 0x563b51d7b375 <unknown>\n#4 0x563b51dcc016 <unknown>\n#5 0x563b51dcb736 <unknown>\n#6 0x563b51d89c1a <unknown>\n#7 0x563b51d8a921 <unknown>\n#8 0x563b522bf239 <unknown>\n#9 0x563b522c21e8 <unknown>\n#10 0x563b522a84c9 <unknown>\n#11 0x563b522c2db5 <unknown>\n#12 0x563b5228fe93 <unknown>\n#13 0x563b522e5098 <unknown>\n#14 0x563b522e5273 <unknown>\n#15 0x563b522f72c3 <unknown>\n#16 0x7ff3cf49caa4 <unknown>\n#17 0x7ff3cf529c6c <unknown>","children":[{"name":"test_github","uid":"c82825ebdd0a2796","parentUid":"a38bf4aac95dd562828c89f91a2f13c4","status":"broken","time":{"start":1763800704859,"stop":1763800705036,"duration":177},"flaky":false,"newFailed":false,"newPassed":false,"newBroken":false,"retriesCount":0,"retriesStatusChange":false,"parameters":[],"tags":[]}],"uid":"a38bf4aac95dd562828c89f91a2f13c4"},{"name":"selenium.common.exceptions.SessionNotCreatedException: Message: session not created: Chrome instance exited. Examine ChromeDriver verbose log to determine the cause.; For documentation on this error, please visit: https://www.selenium.dev/documentation/webdriver/troubleshooting/errors#sessionnotcreatedexception\nStacktrace:\n#0 0x558b4d0b532a <unknown>\n#1 0x558b4cb01e4b <unknown>\n#2 0x558b4cb3c919 <unknown>\n#3 0x558b4cb38375 <unknown>\n#4 0x558b4cb89016 <unknown>\n#5 0x558b4cb88736 <unknown>\n#6 0x558b4cb46c1a <unknown>\n#7 0x558b4cb47921 <unknown>\n#8 0x558b4d07c239 <unknown>\n#9 0x558b4d07f1e8 <unknown>\n#10 0x558b4d0654c9 <unknown>\n#11 0x558b4d07fdb5 <unknown>\n#12 0x558b4d04ce93 <unknown>\n#13 0x558b4d0a2098 <unknown>\n#14 0x558b4d0a2273 <unknown>\n#15 0x558b4d0b42c3 <unknown>\n#16 0x7f604c89caa4 <unknown>\n#17 0x7f604c929c6c <unknown>","children":[{"name":"test_dynamic_github","uid":"1c45112dad7b94d0","parentUid":"62a3c51edcbaf85b5cc911236905e1a7","status":"broken","time":{"start":1763800705090,"stop":1763800705266,"duration":176},"flaky":false,"newFailed":false,"newPassed":false,"newBroken":false,"retriesCount":0,"retriesStatusChange":false,"parameters":[],"tags":[]}],"uid":"62a3c51edcbaf85b5cc911236905e1a7"},{"name":"selenium.common.exceptions.SessionNotCreatedException: Message: session not created: Chrome instance exited. Examine ChromeDriver verbose log to determine the cause.; For documentation on this error, please visit: https://www.selenium.dev/documentation/webdriver/troubleshooting/errors#sessionnotcreatedexception\nStacktrace:\n#0 0x5615debde32a <unknown>\n#1 0x5615de62ae4b <unknown>\n#2 0x5615de665919 <unknown>\n#3 0x5615de661375 <unknown>\n#4 0x5615de6b2016 <unknown>\n#5 0x5615de6b1736 <unknown>\n#6 0x5615de66fc1a <unknown>\n#7 0x5615de670921 <unknown>\n#8 0x5615deba5239 <unknown>\n#9 0x5615deba81e8 <unknown>\n#10 0x5615deb8e4c9 <unknown>\n#11 0x5615deba8db5 <unknown>\n#12 0x5615deb75e93 <unknown>\n#13 0x5615debcb098 <unknown>\n#14 0x5615debcb273 <unknown>\n#15 0x5615debdd2c3 <unknown>\n#16 0x7f84fce9caa4 <unknown>\n#17 0x7f84fcf29c6c <unknown>","children":[{"name":"test_decorator_steps","uid":"67fd6db68331b98f","parentUid":"dc19b4f6c48ae42a3ce6367b74431f76","status":"broken","time":{"start":1763800705330,"stop":1763800705507,"duration":177},"flaky":false,"newFailed":false,"newPassed":false,"newBroken":false,"retriesCount":0,"retriesStatusChange":false,"parameters":[],"tags":[]}],"uid":"dc19b4f6c48ae42a3ce6367b74431f76"}],"uid":"bdbf199525818fae7a8651db9eafe741"}],"name":"categories"}